<?xml version="1.0" encoding="UTF-8"?>
<coverage generated="1676286021522" clover="3.2.0">
  <project timestamp="1676286021523" name="All files">
    <metrics statements="48" coveredstatements="47" conditionals="24" coveredconditionals="21" methods="19" coveredmethods="19" elements="91" coveredelements="87" complexity="0" loc="48" ncloc="48" packages="8" files="13" classes="13"/>
    <package name="lib.constants">
      <metrics statements="7" coveredstatements="7" conditionals="0" coveredconditionals="0" methods="0" coveredmethods="0"/>
      <file name="breakpoints.ts" path="/Users/marcopitra/Documents/Projects/Owner/stylin.js/src/lib/constants/breakpoints.ts">
        <metrics statements="1" coveredstatements="1" conditionals="0" coveredconditionals="0" methods="0" coveredmethods="0"/>
        <line num="1" count="6" type="stmt"/>
      </file>
      <file name="css-custom-properties.ts" path="/Users/marcopitra/Documents/Projects/Owner/stylin.js/src/lib/constants/css-custom-properties.ts">
        <metrics statements="2" coveredstatements="2" conditionals="0" coveredconditionals="0" methods="0" coveredmethods="0"/>
        <line num="6" count="7" type="stmt"/>
        <line num="27" count="7" type="stmt"/>
      </file>
      <file name="css-properties.ts" path="/Users/marcopitra/Documents/Projects/Owner/stylin.js/src/lib/constants/css-properties.ts">
        <metrics statements="1" coveredstatements="1" conditionals="0" coveredconditionals="0" methods="0" coveredmethods="0"/>
        <line num="3" count="7" type="stmt"/>
      </file>
      <file name="css-pseudo-selectors.ts" path="/Users/marcopitra/Documents/Projects/Owner/stylin.js/src/lib/constants/css-pseudo-selectors.ts">
        <metrics statements="1" coveredstatements="1" conditionals="0" coveredconditionals="0" methods="0" coveredmethods="0"/>
        <line num="5" count="7" type="stmt"/>
      </file>
      <file name="index.ts" path="/Users/marcopitra/Documents/Projects/Owner/stylin.js/src/lib/constants/index.ts">
        <metrics statements="1" coveredstatements="1" conditionals="0" coveredconditionals="0" methods="0" coveredmethods="0"/>
        <line num="4" count="7" type="stmt"/>
      </file>
      <file name="themed-values.ts" path="/Users/marcopitra/Documents/Projects/Owner/stylin.js/src/lib/constants/themed-values.ts">
        <metrics statements="1" coveredstatements="1" conditionals="0" coveredconditionals="0" methods="0" coveredmethods="0"/>
        <line num="8" count="4" type="stmt"/>
      </file>
    </package>
    <package name="lib.render-property">
      <metrics statements="6" coveredstatements="6" conditionals="2" coveredconditionals="2" methods="2" coveredmethods="2"/>
      <file name="index.ts" path="/Users/marcopitra/Documents/Projects/Owner/stylin.js/src/lib/render-property/index.ts">
        <metrics statements="6" coveredstatements="6" conditionals="2" coveredconditionals="2" methods="2" coveredmethods="2"/>
        <line num="19" count="3" type="stmt"/>
        <line num="21" count="26" type="stmt"/>
        <line num="23" count="26" type="cond" truecount="2" falsecount="0"/>
        <line num="24" count="7" type="stmt"/>
        <line num="25" count="10" type="stmt"/>
        <line num="32" count="19" type="stmt"/>
      </file>
    </package>
    <package name="lib.render-pseudo-selector">
      <metrics statements="3" coveredstatements="3" conditionals="0" coveredconditionals="0" methods="2" coveredmethods="2"/>
      <file name="index.ts" path="/Users/marcopitra/Documents/Projects/Owner/stylin.js/src/lib/render-pseudo-selector/index.ts">
        <metrics statements="3" coveredstatements="3" conditionals="0" coveredconditionals="0" methods="2" coveredmethods="2"/>
        <line num="20" count="1" type="stmt"/>
        <line num="21" count="2" type="stmt"/>
        <line num="25" count="2" type="stmt"/>
      </file>
    </package>
    <package name="lib.render-responsive-style">
      <metrics statements="10" coveredstatements="10" conditionals="10" coveredconditionals="8" methods="2" coveredmethods="2"/>
      <file name="index.ts" path="/Users/marcopitra/Documents/Projects/Owner/stylin.js/src/lib/render-responsive-style/index.ts">
        <metrics statements="10" coveredstatements="10" conditionals="10" coveredconditionals="8" methods="2" coveredmethods="2"/>
        <line num="21" count="2" type="stmt"/>
        <line num="22" count="8" type="cond" truecount="1" falsecount="1"/>
        <line num="24" count="8" type="cond" truecount="2" falsecount="0"/>
        <line num="25" count="4" type="stmt"/>
        <line num="27" count="4" type="stmt"/>
        <line num="28" count="18" type="cond" truecount="1" falsecount="1"/>
        <line num="30" count="18" type="cond" truecount="2" falsecount="0"/>
        <line num="32" count="14" type="stmt"/>
        <line num="34" count="14" type="cond" truecount="2" falsecount="0"/>
        <line num="36" count="11" type="stmt"/>
      </file>
    </package>
    <package name="lib.render-themed-style">
      <metrics statements="4" coveredstatements="3" conditionals="4" coveredconditionals="3" methods="1" coveredmethods="1"/>
      <file name="index.ts" path="/Users/marcopitra/Documents/Projects/Owner/stylin.js/src/lib/render-themed-style/index.ts">
        <metrics statements="4" coveredstatements="3" conditionals="4" coveredconditionals="3" methods="1" coveredmethods="1"/>
        <line num="14" count="4" type="stmt"/>
        <line num="15" count="37" type="stmt"/>
        <line num="17" count="37" type="cond" truecount="3" falsecount="1"/>
        <line num="19" count="0" type="stmt"/>
      </file>
    </package>
    <package name="lib.render-variant">
      <metrics statements="3" coveredstatements="3" conditionals="2" coveredconditionals="2" methods="2" coveredmethods="2"/>
      <file name="index.ts" path="/Users/marcopitra/Documents/Projects/Owner/stylin.js/src/lib/render-variant/index.ts">
        <metrics statements="3" coveredstatements="3" conditionals="2" coveredconditionals="2" methods="2" coveredmethods="2"/>
        <line num="15" count="1" type="stmt"/>
        <line num="16" count="6" type="stmt"/>
        <line num="17" count="6" type="cond" truecount="2" falsecount="0"/>
      </file>
    </package>
    <package name="lib.utils">
      <metrics statements="11" coveredstatements="11" conditionals="4" coveredconditionals="4" methods="6" coveredmethods="6"/>
      <file name="index.ts" path="/Users/marcopitra/Documents/Projects/Owner/stylin.js/src/lib/utils/index.ts">
        <metrics statements="11" coveredstatements="11" conditionals="4" coveredconditionals="4" methods="6" coveredmethods="6"/>
        <line num="22" count="6" type="stmt"/>
        <line num="23" count="23" type="cond" truecount="2" falsecount="0"/>
        <line num="25" count="23" type="stmt"/>
        <line num="36" count="6" type="stmt"/>
        <line num="37" count="4" type="stmt"/>
        <line num="38" count="8" type="stmt"/>
        <line num="50" count="6" type="stmt"/>
        <line num="51" count="4" type="stmt"/>
        <line num="52" count="7" type="stmt"/>
        <line num="62" count="6" type="stmt"/>
        <line num="63" count="12" type="cond" truecount="2" falsecount="0"/>
      </file>
    </package>
    <package name="test-utils">
      <metrics statements="4" coveredstatements="4" conditionals="2" coveredconditionals="2" methods="4" coveredmethods="4"/>
      <file name="index.ts" path="/Users/marcopitra/Documents/Projects/Owner/stylin.js/src/test-utils/index.ts">
        <metrics statements="4" coveredstatements="4" conditionals="2" coveredconditionals="2" methods="4" coveredmethods="4"/>
        <line num="3" count="2" type="stmt"/>
        <line num="5" count="7" type="stmt"/>
        <line num="11" count="2" type="stmt"/>
        <line num="17" count="6" type="stmt"/>
      </file>
    </package>
  </project>
</coverage>
