{"/Users/marcopitra/Documents/Projects/Owner/stylin.js/src/lib/constants/breakpoints.ts": {"path":"/Users/marcopitra/Documents/Projects/Owner/stylin.js/src/lib/constants/breakpoints.ts","statementMap":{"0":{"start":{"line":1,"column":35},"end":{"line":1,"column":67}}},"fnMap":{},"branchMap":{},"s":{"0":6},"f":{},"b":{},"_coverageSchema":"1a1c01bbd47fc00a2c39e90264f33305004495a9","hash":"8b7f37bcbe8e503f60c62d256bed9f276a218adf"}
,"/Users/marcopitra/Documents/Projects/Owner/stylin.js/src/lib/constants/css-custom-properties.ts": {"path":"/Users/marcopitra/Documents/Projects/Owner/stylin.js/src/lib/constants/css-custom-properties.ts","statementMap":{"0":{"start":{"line":6,"column":4},"end":{"line":22,"column":1}},"1":{"start":{"line":27,"column":4},"end":{"line":43,"column":1}}},"fnMap":{},"branchMap":{},"s":{"0":7,"1":7},"f":{},"b":{},"_coverageSchema":"1a1c01bbd47fc00a2c39e90264f33305004495a9","hash":"1c42d42c896ef079d95db7471a382862a986eade"}
,"/Users/marcopitra/Documents/Projects/Owner/stylin.js/src/lib/constants/css-properties.ts": {"path":"/Users/marcopitra/Documents/Projects/Owner/stylin.js/src/lib/constants/css-properties.ts","statementMap":{"0":{"start":{"line":3,"column":70},"end":{"line":782,"column":1}}},"fnMap":{},"branchMap":{},"s":{"0":7},"f":{},"b":{},"_coverageSchema":"1a1c01bbd47fc00a2c39e90264f33305004495a9","hash":"57a30187604239c2c86927c04e5f199c4fa3e540"}
,"/Users/marcopitra/Documents/Projects/Owner/stylin.js/src/lib/constants/css-pseudo-selectors.ts": {"path":"/Users/marcopitra/Documents/Projects/Owner/stylin.js/src/lib/constants/css-pseudo-selectors.ts","statementMap":{"0":{"start":{"line":5,"column":78},"end":{"line":107,"column":1}}},"fnMap":{},"branchMap":{},"s":{"0":7},"f":{},"b":{},"_coverageSchema":"1a1c01bbd47fc00a2c39e90264f33305004495a9","hash":"148d132732e8cec33ee386073fbd939d8648a4b2"}
,"/Users/marcopitra/Documents/Projects/Owner/stylin.js/src/lib/constants/index.ts": {"path":"/Users/marcopitra/Documents/Projects/Owner/stylin.js/src/lib/constants/index.ts","statementMap":{"0":{"start":{"line":4,"column":31},"end":{"line":7,"column":1}}},"fnMap":{},"branchMap":{},"s":{"0":7},"f":{},"b":{},"_coverageSchema":"1a1c01bbd47fc00a2c39e90264f33305004495a9","hash":"ae2d2a0ab004b7141e1508542a07a24391995b12"}
,"/Users/marcopitra/Documents/Projects/Owner/stylin.js/src/lib/constants/themed-values.ts": {"path":"/Users/marcopitra/Documents/Projects/Owner/stylin.js/src/lib/constants/themed-values.ts","statementMap":{"0":{"start":{"line":8,"column":4},"end":{"line":46,"column":1}}},"fnMap":{},"branchMap":{},"s":{"0":4},"f":{},"b":{},"_coverageSchema":"1a1c01bbd47fc00a2c39e90264f33305004495a9","hash":"3351ad8fe92811123793add4ef03805b795cfab5"}
,"/Users/marcopitra/Documents/Projects/Owner/stylin.js/src/lib/render-property/index.ts": {"path":"/Users/marcopitra/Documents/Projects/Owner/stylin.js/src/lib/render-property/index.ts","statementMap":{"0":{"start":{"line":19,"column":40},"end":{"line":33,"column":1}},"1":{"start":{"line":21,"column":4},"end":{"line":21,"column":62}},"2":{"start":{"line":23,"column":2},"end":{"line":30,"column":26}},"3":{"start":{"line":24,"column":4},"end":{"line":30,"column":26}},"4":{"start":{"line":25,"column":26},"end":{"line":28,"column":7}},"5":{"start":{"line":32,"column":2},"end":{"line":32,"column":79}}},"fnMap":{"0":{"name":"(anonymous_0)","decl":{"start":{"line":19,"column":40},"end":{"line":19,"column":41}},"loc":{"start":{"line":19,"column":64},"end":{"line":33,"column":1}},"line":19},"1":{"name":"(anonymous_1)","decl":{"start":{"line":25,"column":6},"end":{"line":25,"column":7}},"loc":{"start":{"line":25,"column":26},"end":{"line":28,"column":7}},"line":25}},"branchMap":{"0":{"loc":{"start":{"line":23,"column":2},"end":{"line":30,"column":26}},"type":"if","locations":[{"start":{"line":23,"column":2},"end":{"line":30,"column":26}},{"start":{},"end":{}}],"line":23}},"s":{"0":3,"1":26,"2":26,"3":7,"4":10,"5":19},"f":{"0":26,"1":10},"b":{"0":[7,19]},"_coverageSchema":"1a1c01bbd47fc00a2c39e90264f33305004495a9","hash":"a1e917d691e442feccfe47b18f7d3e810946af78"}
,"/Users/marcopitra/Documents/Projects/Owner/stylin.js/src/lib/render-pseudo-selector/index.ts": {"path":"/Users/marcopitra/Documents/Projects/Owner/stylin.js/src/lib/render-pseudo-selector/index.ts","statementMap":{"0":{"start":{"line":20,"column":52},"end":{"line":31,"column":23}},"1":{"start":{"line":21,"column":3},"end":{"line":31,"column":22}},"2":{"start":{"line":25,"column":30},"end":{"line":28,"column":7}}},"fnMap":{"0":{"name":"(anonymous_0)","decl":{"start":{"line":20,"column":52},"end":{"line":20,"column":53}},"loc":{"start":{"line":21,"column":3},"end":{"line":31,"column":22}},"line":21},"1":{"name":"(anonymous_1)","decl":{"start":{"line":25,"column":6},"end":{"line":25,"column":7}},"loc":{"start":{"line":25,"column":30},"end":{"line":28,"column":7}},"line":25}},"branchMap":{},"s":{"0":1,"1":2,"2":2},"f":{"0":2,"1":2},"b":{},"_coverageSchema":"1a1c01bbd47fc00a2c39e90264f33305004495a9","hash":"9a18ad15c092a4044ecdc588d6f3b44e373b2615"}
,"/Users/marcopitra/Documents/Projects/Owner/stylin.js/src/lib/render-responsive-style/index.ts": {"path":"/Users/marcopitra/Documents/Projects/Owner/stylin.js/src/lib/render-responsive-style/index.ts","statementMap":{"0":{"start":{"line":21,"column":55},"end":{"line":48,"column":1}},"1":{"start":{"line":22,"column":2},"end":{"line":22,"column":24}},"2":{"start":{"line":22,"column":14},"end":{"line":22,"column":24}},"3":{"start":{"line":24,"column":2},"end":{"line":25,"column":67}},"4":{"start":{"line":25,"column":4},"end":{"line":25,"column":67}},"5":{"start":{"line":27,"column":2},"end":{"line":47,"column":48}},"6":{"start":{"line":28,"column":4},"end":{"line":28,"column":27}},"7":{"start":{"line":28,"column":16},"end":{"line":28,"column":27}},"8":{"start":{"line":30,"column":4},"end":{"line":30,"column":72}},"9":{"start":{"line":30,"column":20},"end":{"line":30,"column":72}},"10":{"start":{"line":32,"column":23},"end":{"line":32,"column":50}},"11":{"start":{"line":34,"column":4},"end":{"line":34,"column":32}},"12":{"start":{"line":34,"column":21},"end":{"line":34,"column":32}},"13":{"start":{"line":36,"column":4},"end":{"line":45,"column":6}}},"fnMap":{"0":{"name":"(anonymous_0)","decl":{"start":{"line":21,"column":55},"end":{"line":21,"column":56}},"loc":{"start":{"line":21,"column":79},"end":{"line":48,"column":1}},"line":21},"1":{"name":"(anonymous_1)","decl":{"start":{"line":27,"column":54},"end":{"line":27,"column":55}},"loc":{"start":{"line":27,"column":77},"end":{"line":47,"column":3}},"line":27}},"branchMap":{"0":{"loc":{"start":{"line":22,"column":2},"end":{"line":22,"column":24}},"type":"if","locations":[{"start":{"line":22,"column":2},"end":{"line":22,"column":24}},{"start":{},"end":{}}],"line":22},"1":{"loc":{"start":{"line":24,"column":2},"end":{"line":25,"column":67}},"type":"if","locations":[{"start":{"line":24,"column":2},"end":{"line":25,"column":67}},{"start":{},"end":{}}],"line":24},"2":{"loc":{"start":{"line":28,"column":4},"end":{"line":28,"column":27}},"type":"if","locations":[{"start":{"line":28,"column":4},"end":{"line":28,"column":27}},{"start":{},"end":{}}],"line":28},"3":{"loc":{"start":{"line":30,"column":4},"end":{"line":30,"column":72}},"type":"if","locations":[{"start":{"line":30,"column":4},"end":{"line":30,"column":72}},{"start":{},"end":{}}],"line":30},"4":{"loc":{"start":{"line":34,"column":4},"end":{"line":34,"column":32}},"type":"if","locations":[{"start":{"line":34,"column":4},"end":{"line":34,"column":32}},{"start":{},"end":{}}],"line":34}},"s":{"0":2,"1":8,"2":0,"3":8,"4":4,"5":4,"6":18,"7":0,"8":18,"9":4,"10":14,"11":14,"12":3,"13":11},"f":{"0":8,"1":18},"b":{"0":[0,8],"1":[4,4],"2":[0,18],"3":[4,14],"4":[3,11]},"_coverageSchema":"1a1c01bbd47fc00a2c39e90264f33305004495a9","hash":"cafcd2cb269ced1cbcdf155aa6dd77700995a64e"}
,"/Users/marcopitra/Documents/Projects/Owner/stylin.js/src/lib/render-themed-style/index.ts": {"path":"/Users/marcopitra/Documents/Projects/Owner/stylin.js/src/lib/render-themed-style/index.ts","statementMap":{"0":{"start":{"line":14,"column":46},"end":{"line":20,"column":1}},"1":{"start":{"line":15,"column":22},"end":{"line":15,"column":49}},"2":{"start":{"line":17,"column":2},"end":{"line":17,"column":73}},"3":{"start":{"line":17,"column":19},"end":{"line":17,"column":73}},"4":{"start":{"line":19,"column":2},"end":{"line":19,"column":15}}},"fnMap":{"0":{"name":"(anonymous_0)","decl":{"start":{"line":14,"column":46},"end":{"line":14,"column":47}},"loc":{"start":{"line":14,"column":74},"end":{"line":20,"column":1}},"line":14}},"branchMap":{"0":{"loc":{"start":{"line":17,"column":2},"end":{"line":17,"column":73}},"type":"if","locations":[{"start":{"line":17,"column":2},"end":{"line":17,"column":73}},{"start":{},"end":{}}],"line":17},"1":{"loc":{"start":{"line":17,"column":26},"end":{"line":17,"column":72}},"type":"binary-expr","locations":[{"start":{"line":17,"column":26},"end":{"line":17,"column":63}},{"start":{"line":17,"column":67},"end":{"line":17,"column":72}}],"line":17}},"s":{"0":4,"1":37,"2":37,"3":37,"4":0},"f":{"0":37},"b":{"0":[37,0],"1":[37,30]},"_coverageSchema":"1a1c01bbd47fc00a2c39e90264f33305004495a9","hash":"623138ad9a20b62fe3c806f88f4f72cae73e9e4d"}
,"/Users/marcopitra/Documents/Projects/Owner/stylin.js/src/lib/render-variant/index.ts": {"path":"/Users/marcopitra/Documents/Projects/Owner/stylin.js/src/lib/render-variant/index.ts","statementMap":{"0":{"start":{"line":15,"column":2},"end":{"line":17,"column":41}},"1":{"start":{"line":16,"column":2},"end":{"line":17,"column":41}},"2":{"start":{"line":17,"column":4},"end":{"line":17,"column":41}}},"fnMap":{"0":{"name":"(anonymous_0)","decl":{"start":{"line":15,"column":2},"end":{"line":15,"column":3}},"loc":{"start":{"line":16,"column":2},"end":{"line":17,"column":41}},"line":16},"1":{"name":"(anonymous_1)","decl":{"start":{"line":16,"column":2},"end":{"line":16,"column":3}},"loc":{"start":{"line":17,"column":4},"end":{"line":17,"column":41}},"line":17}},"branchMap":{"0":{"loc":{"start":{"line":17,"column":4},"end":{"line":17,"column":41}},"type":"binary-expr","locations":[{"start":{"line":17,"column":4},"end":{"line":17,"column":35}},{"start":{"line":17,"column":39},"end":{"line":17,"column":41}}],"line":17}},"s":{"0":1,"1":6,"2":6},"f":{"0":6,"1":6},"b":{"0":[6,3]},"_coverageSchema":"1a1c01bbd47fc00a2c39e90264f33305004495a9","hash":"2eb2d394a856c23bfb8fa37600d49123b438be72"}
,"/Users/marcopitra/Documents/Projects/Owner/stylin.js/src/lib/utils/index.ts": {"path":"/Users/marcopitra/Documents/Projects/Owner/stylin.js/src/lib/utils/index.ts","statementMap":{"0":{"start":{"line":22,"column":45},"end":{"line":26,"column":1}},"1":{"start":{"line":23,"column":22},"end":{"line":23,"column":65}},"2":{"start":{"line":25,"column":2},"end":{"line":25,"column":32}},"3":{"start":{"line":36,"column":37},"end":{"line":39,"column":3}},"4":{"start":{"line":37,"column":2},"end":{"line":39,"column":3}},"5":{"start":{"line":38,"column":4},"end":{"line":38,"column":37}},"6":{"start":{"line":50,"column":26},"end":{"line":53,"column":3}},"7":{"start":{"line":51,"column":2},"end":{"line":53,"column":3}},"8":{"start":{"line":52,"column":4},"end":{"line":52,"column":53}},"9":{"start":{"line":62,"column":26},"end":{"line":64,"column":59}},"10":{"start":{"line":63,"column":2},"end":{"line":64,"column":59}}},"fnMap":{"0":{"name":"(anonymous_0)","decl":{"start":{"line":22,"column":45},"end":{"line":22,"column":46}},"loc":{"start":{"line":22,"column":63},"end":{"line":26,"column":1}},"line":22},"1":{"name":"(anonymous_1)","decl":{"start":{"line":36,"column":37},"end":{"line":36,"column":38}},"loc":{"start":{"line":37,"column":2},"end":{"line":39,"column":3}},"line":37},"2":{"name":"(anonymous_2)","decl":{"start":{"line":37,"column":62},"end":{"line":37,"column":63}},"loc":{"start":{"line":38,"column":4},"end":{"line":38,"column":37}},"line":38},"3":{"name":"(anonymous_3)","decl":{"start":{"line":50,"column":26},"end":{"line":50,"column":27}},"loc":{"start":{"line":51,"column":2},"end":{"line":53,"column":3}},"line":51},"4":{"name":"(anonymous_4)","decl":{"start":{"line":51,"column":63},"end":{"line":51,"column":64}},"loc":{"start":{"line":52,"column":4},"end":{"line":52,"column":53}},"line":52},"5":{"name":"(anonymous_5)","decl":{"start":{"line":62,"column":26},"end":{"line":62,"column":27}},"loc":{"start":{"line":63,"column":2},"end":{"line":64,"column":59}},"line":63}},"branchMap":{"0":{"loc":{"start":{"line":23,"column":22},"end":{"line":23,"column":65}},"type":"binary-expr","locations":[{"start":{"line":23,"column":22},"end":{"line":23,"column":42}},{"start":{"line":23,"column":46},"end":{"line":23,"column":65}}],"line":23},"1":{"loc":{"start":{"line":63,"column":2},"end":{"line":64,"column":59}},"type":"binary-expr","locations":[{"start":{"line":63,"column":2},"end":{"line":63,"column":19}},{"start":{"line":64,"column":2},"end":{"line":64,"column":59}}],"line":63}},"s":{"0":6,"1":23,"2":23,"3":6,"4":4,"5":8,"6":6,"7":4,"8":7,"9":6,"10":12},"f":{"0":23,"1":4,"2":8,"3":4,"4":7,"5":12},"b":{"0":[23,12],"1":[12,8]},"_coverageSchema":"1a1c01bbd47fc00a2c39e90264f33305004495a9","hash":"81254d454ed503be7a352baf3ef8282b88dc7b80"}
,"/Users/marcopitra/Documents/Projects/Owner/stylin.js/src/test-utils/index.ts": {"path":"/Users/marcopitra/Documents/Projects/Owner/stylin.js/src/test-utils/index.ts","statementMap":{"0":{"start":{"line":3,"column":39},"end":{"line":9,"column":1}},"1":{"start":{"line":3,"column":79},"end":{"line":9,"column":1}},"2":{"start":{"line":5,"column":39},"end":{"line":8,"column":3}},"3":{"start":{"line":11,"column":41},"end":{"line":22,"column":4}},"4":{"start":{"line":17,"column":2},"end":{"line":22,"column":4}},"5":{"start":{"line":17,"column":27},"end":{"line":22,"column":3}}},"fnMap":{"0":{"name":"(anonymous_0)","decl":{"start":{"line":3,"column":39},"end":{"line":3,"column":40}},"loc":{"start":{"line":3,"column":79},"end":{"line":9,"column":1}},"line":3},"1":{"name":"(anonymous_1)","decl":{"start":{"line":5,"column":21},"end":{"line":5,"column":22}},"loc":{"start":{"line":5,"column":39},"end":{"line":8,"column":3}},"line":5},"2":{"name":"(anonymous_2)","decl":{"start":{"line":11,"column":41},"end":{"line":11,"column":42}},"loc":{"start":{"line":17,"column":2},"end":{"line":22,"column":4}},"line":17},"3":{"name":"(anonymous_3)","decl":{"start":{"line":17,"column":17},"end":{"line":17,"column":18}},"loc":{"start":{"line":17,"column":27},"end":{"line":22,"column":3}},"line":17}},"branchMap":{"0":{"loc":{"start":{"line":21,"column":4},"end":{"line":21,"column":30}},"type":"binary-expr","locations":[{"start":{"line":21,"column":4},"end":{"line":21,"column":24}},{"start":{"line":21,"column":28},"end":{"line":21,"column":30}}],"line":21}},"s":{"0":2,"1":2,"2":7,"3":2,"4":2,"5":6},"f":{"0":2,"1":7,"2":2,"3":6},"b":{"0":[6,3]},"_coverageSchema":"1a1c01bbd47fc00a2c39e90264f33305004495a9","hash":"bee5a33a13743769d5a5b1cf882d1cc9776ca7f5"}
}
