TN:
SF:src/lib/constants/breakpoints.ts
FNF:0
FNH:0
DA:1,6
LF:1
LH:1
BRF:0
BRH:0
end_of_record
TN:
SF:src/lib/constants/css-custom-properties.ts
FNF:0
FNH:0
DA:6,7
DA:27,7
LF:2
LH:2
BRF:0
BRH:0
end_of_record
TN:
SF:src/lib/constants/css-properties.ts
FNF:0
FNH:0
DA:3,7
LF:1
LH:1
BRF:0
BRH:0
end_of_record
TN:
SF:src/lib/constants/css-pseudo-selectors.ts
FNF:0
FNH:0
DA:5,7
LF:1
LH:1
BRF:0
BRH:0
end_of_record
TN:
SF:src/lib/constants/index.ts
FNF:0
FNH:0
DA:4,7
LF:1
LH:1
BRF:0
BRH:0
end_of_record
TN:
SF:src/lib/constants/themed-values.ts
FNF:0
FNH:0
DA:8,4
LF:1
LH:1
BRF:0
BRH:0
end_of_record
TN:
SF:src/lib/render-property/index.ts
FN:19,(anonymous_0)
FN:25,(anonymous_1)
FNF:2
FNH:2
FNDA:26,(anonymous_0)
FNDA:10,(anonymous_1)
DA:19,3
DA:21,26
DA:23,26
DA:24,7
DA:25,10
DA:32,19
LF:6
LH:6
BRDA:23,0,0,7
BRDA:23,0,1,19
BRF:2
BRH:2
end_of_record
TN:
SF:src/lib/render-pseudo-selector/index.ts
FN:20,(anonymous_0)
FN:25,(anonymous_1)
FNF:2
FNH:2
FNDA:2,(anonymous_0)
FNDA:2,(anonymous_1)
DA:20,1
DA:21,2
DA:25,2
LF:3
LH:3
BRF:0
BRH:0
end_of_record
TN:
SF:src/lib/render-responsive-style/index.ts
FN:21,(anonymous_0)
FN:27,(anonymous_1)
FNF:2
FNH:2
FNDA:8,(anonymous_0)
FNDA:18,(anonymous_1)
DA:21,2
DA:22,8
DA:24,8
DA:25,4
DA:27,4
DA:28,18
DA:30,18
DA:32,14
DA:34,14
DA:36,11
LF:10
LH:10
BRDA:22,0,0,0
BRDA:22,0,1,8
BRDA:24,1,0,4
BRDA:24,1,1,4
BRDA:28,2,0,0
BRDA:28,2,1,18
BRDA:30,3,0,4
BRDA:30,3,1,14
BRDA:34,4,0,3
BRDA:34,4,1,11
BRF:10
BRH:8
end_of_record
TN:
SF:src/lib/render-themed-style/index.ts
FN:14,(anonymous_0)
FNF:1
FNH:1
FNDA:37,(anonymous_0)
DA:14,4
DA:15,37
DA:17,37
DA:19,0
LF:4
LH:3
BRDA:17,0,0,37
BRDA:17,0,1,0
BRDA:17,1,0,37
BRDA:17,1,1,30
BRF:4
BRH:3
end_of_record
TN:
SF:src/lib/render-variant/index.ts
FN:15,(anonymous_0)
FN:16,(anonymous_1)
FNF:2
FNH:2
FNDA:6,(anonymous_0)
FNDA:6,(anonymous_1)
DA:15,1
DA:16,6
DA:17,6
LF:3
LH:3
BRDA:17,0,0,6
BRDA:17,0,1,3
BRF:2
BRH:2
end_of_record
TN:
SF:src/lib/utils/index.ts
FN:22,(anonymous_0)
FN:36,(anonymous_1)
FN:37,(anonymous_2)
FN:50,(anonymous_3)
FN:51,(anonymous_4)
FN:62,(anonymous_5)
FNF:6
FNH:6
FNDA:23,(anonymous_0)
FNDA:4,(anonymous_1)
FNDA:8,(anonymous_2)
FNDA:4,(anonymous_3)
FNDA:7,(anonymous_4)
FNDA:12,(anonymous_5)
DA:22,6
DA:23,23
DA:25,23
DA:36,6
DA:37,4
DA:38,8
DA:50,6
DA:51,4
DA:52,7
DA:62,6
DA:63,12
LF:11
LH:11
BRDA:23,0,0,23
BRDA:23,0,1,12
BRDA:63,1,0,12
BRDA:63,1,1,8
BRF:4
BRH:4
end_of_record
TN:
SF:src/test-utils/index.ts
FN:3,(anonymous_0)
FN:5,(anonymous_1)
FN:11,(anonymous_2)
FN:17,(anonymous_3)
FNF:4
FNH:4
FNDA:2,(anonymous_0)
FNDA:7,(anonymous_1)
FNDA:2,(anonymous_2)
FNDA:6,(anonymous_3)
DA:3,2
DA:5,7
DA:11,2
DA:17,6
LF:4
LH:4
BRDA:21,0,0,6
BRDA:21,0,1,3
BRF:2
BRH:2
end_of_record
